<?xml version="1.0" encoding="UTF-8"?>
<!-- Generated by org.testng.reporters.JUnitReportReporter -->
<testsuite hostname="Chitras-MacBook-Air.local" failures="0" tests="1" name="WithBDD.BasicAuth" time="2.478" errors="0" timestamp="2022-10-06T11:09:52 PDT" skipped="0">
  <testcase classname="WithBDD.BasicAuth" name="basicAuth" time="2.478"/>
  <system-out/>
</testsuite> <!-- WithBDD.BasicAuth -->
