<?xml version="1.0" encoding="UTF-8"?>
<!-- Generated by org.testng.reporters.JUnitReportReporter -->
<testsuite hostname="Chitras-MacBook-Air.local" failures="0" tests="1" name="WithBDD.Serialization" time="1.828" errors="0" timestamp="2022-10-03T11:28:28 PDT" skipped="0">
  <testcase classname="WithBDD.Serialization" name="serial" time="1.828"/>
  <system-out/>
</testsuite> <!-- WithBDD.Serialization -->
