<?xml version="1.0" encoding="UTF-8"?>
<!-- Generated by org.testng.reporters.JUnitReportReporter -->
<testsuite hostname="Chitras-MacBook-Air.local" failures="0" tests="1" name="WithBDD.HamcrestSchemaVal" time="0.422" errors="0" timestamp="2022-10-06T11:27:27 PDT" skipped="0">
  <testcase classname="WithBDD.HamcrestSchemaVal" name="hamcrestVal" time="0.422"/>
  <system-out/>
</testsuite> <!-- WithBDD.HamcrestSchemaVal -->
