<?xml version="1.0" encoding="UTF-8"?>
<!-- Generated by org.testng.reporters.JUnitReportReporter -->
<testsuite hostname="Chitras-MacBook-Air.local" failures="0" tests="1" name="WithBDD.JsonSchemanetworknt" time="0.461" errors="0" timestamp="2022-09-30T09:40:35 PDT" skipped="0">
  <testcase classname="WithBDD.JsonSchemanetworknt" name="jsonSchemaNetworknt" time="0.461"/>
  <system-out/>
</testsuite> <!-- WithBDD.JsonSchemanetworknt -->
