<?xml version="1.0" encoding="UTF-8"?>
<!-- Generated by org.testng.reporters.JUnitReportReporter -->
<testsuite hostname="Chitras-MacBook-Air.local" failures="0" tests="2" name="WithBDD.ReqSpecex" time="2.301" errors="0" timestamp="2022-10-11T19:09:13 PDT" skipped="0">
  <testcase classname="WithBDD.ReqSpecex" name="getEmp" time="2.186"/>
  <system-out/>
  <testcase classname="WithBDD.ReqSpecex" name="getEmp400" time="0.115"/>
  <system-out/>
</testsuite> <!-- WithBDD.ReqSpecex -->
