<?xml version="1.0" encoding="UTF-8"?>
<!-- Generated by org.testng.reporters.JUnitReportReporter -->
<testsuite hostname="Chitras-MacBook-Air.local" failures="0" tests="5" name="WithBDD.GetAllEmp" time="3.079" errors="0" timestamp="2022-10-03T15:18:39 PDT" skipped="4">
  <testcase classname="WithBDD.GetAllEmp" name="createEmpFF" time="3.079"/>
  <system-out/>
  <testcase classname="WithBDD.GetAllEmp" name="getEmp">
    <skipped/>
  </testcase> <!-- getEmp -->
  <system-out/>
  <testcase classname="WithBDD.GetAllEmp" name="updateEmp">
    <skipped/>
  </testcase> <!-- updateEmp -->
  <system-out/>
  <testcase classname="WithBDD.GetAllEmp" name="deleteEmp">
    <skipped/>
  </testcase> <!-- deleteEmp -->
  <system-out/>
  <testcase classname="WithBDD.GetAllEmp" name="createEmp">
    <skipped/>
  </testcase> <!-- createEmp -->
  <system-out/>
</testsuite> <!-- WithBDD.GetAllEmp -->
