<?xml version="1.0" encoding="UTF-8"?>
<!-- Generated by org.testng.reporters.JUnitReportReporter -->
<testsuite hostname="Chitras-MacBook-Air.local" failures="0" tests="1" name="WithBDD.ApiKeyAuth" time="2.122" errors="0" timestamp="2022-10-06T13:11:13 PDT" skipped="0">
  <testcase classname="WithBDD.ApiKeyAuth" name="apiKeyAuth" time="2.122"/>
  <system-out/>
</testsuite> <!-- WithBDD.ApiKeyAuth -->
