<?xml version="1.0" encoding="UTF-8"?>
<!-- Generated by org.testng.reporters.JUnitReportReporter -->
<testsuite hostname="Chitras-MacBook-Air.local" failures="0" tests="4" name="WithoutBDD.GetAllEmp" time="1.395" errors="0" timestamp="2022-09-22T18:51:47 PDT" skipped="3">
  <testcase classname="WithoutBDD.GetAllEmp" name="deleteEmp" time="1.395"/>
  <system-out/>
  <testcase classname="WithoutBDD.GetAllEmp" name="getAllEmp">
    <skipped/>
  </testcase> <!-- getAllEmp -->
  <system-out/>
  <testcase classname="WithoutBDD.GetAllEmp" name="updateEmp">
    <skipped/>
  </testcase> <!-- updateEmp -->
  <system-out/>
  <testcase classname="WithoutBDD.GetAllEmp" name="createEmp">
    <skipped/>
  </testcase> <!-- createEmp -->
  <system-out/>
</testsuite> <!-- WithoutBDD.GetAllEmp -->
